<?xml version="1.0" encoding="UTF-8"?>
<!-- Generated by org.testng.reporters.JUnitReportReporter -->
<testsuite hostname="LAPTOP-OKJ1VVIP" failures="0" tests="1" name="Testcases.Login" time="4.831" errors="0" timestamp="2024-08-13T19:20:05 IST" skipped="0">
  <testcase classname="Testcases.Login" name="login" time="4.831"/>
</testsuite> <!-- Testcases.Login -->
